<?xml version="1.0" encoding="UTF-8"?>
<!-- Generated by org.testng.reporters.JUnitXMLReporter -->
<testsuite hostname="Ajay3147361" ignored="14" name="Regression" tests="1" failures="0" timestamp="05 May 2021 09:06:22 GMT" time="49.729" errors="0">
  <testcase name="verifyContextSwitching" time="47.733" classname="com.mts.tests.WebViewSwitchingTestCases"/>
  <testcase name="@BeforeSuite init" time="0.0" classname="com.mts.tests.BaseTest">
    <ignored/>
  </testcase> <!-- @BeforeSuite init -->
  <testcase name="@BeforeSuite init" time="0.0" classname="com.mts.tests.BaseTest">
    <ignored/>
  </testcase> <!-- @BeforeSuite init -->
  <testcase name="@BeforeSuite init" time="0.0" classname="com.mts.tests.BaseTest">
    <ignored/>
  </testcase> <!-- @BeforeSuite init -->
  <testcase name="sampleTest1" time="0.0" classname="com.mts.tests.GeneralStoreTestCases">
    <ignored/>
  </testcase> <!-- sampleTest1 -->
  <testcase name="@AfterSuite afterSuite" time="0.0" classname="com.mts.tests.BaseTest">
    <ignored/>
  </testcase> <!-- @AfterSuite afterSuite -->
  <testcase name="@AfterSuite afterSuite" time="0.0" classname="com.mts.tests.BaseTest">
    <ignored/>
  </testcase> <!-- @AfterSuite afterSuite -->
  <testcase name="@AfterSuite afterSuite" time="0.0" classname="com.mts.tests.BaseTest">
    <ignored/>
  </testcase> <!-- @AfterSuite afterSuite -->
  <testcase name="verifyProductPage" time="0.0" classname="com.mts.tests.ProductPageTestCases">
    <ignored/>
  </testcase> <!-- verifyProductPage -->
  <testcase name="verifyProductPageAddToCart" time="0.0" classname="com.mts.tests.ProductPageTestCases">
    <ignored/>
  </testcase> <!-- verifyProductPageAddToCart -->
  <testcase name="verifyTermsAndConditions" time="0.0" classname="com.mts.tests.CartPageTestCases">
    <ignored/>
  </testcase> <!-- verifyTermsAndConditions -->
  <testcase name="verifyFormFilUp" time="0.0" classname="com.mts.tests.GeneralStoreTestCases">
    <ignored/>
  </testcase> <!-- verifyFormFilUp -->
  <testcase name="verifyCartSum" time="0.0" classname="com.mts.tests.CartPageTestCases">
    <ignored/>
  </testcase> <!-- verifyCartSum -->
  <testcase name="verifyIncompleteFormFillup" time="0.0" classname="com.mts.tests.GeneralStoreTestCases">
    <ignored/>
  </testcase> <!-- verifyIncompleteFormFillup -->
  <testcase name="averifyContextSwitchingBack" time="0.0" classname="com.mts.tests.WebViewSwitchingTestCases">
    <ignored/>
  </testcase> <!-- averifyContextSwitchingBack -->
</testsuite> <!-- Regression -->
