<?xml version="1.0" encoding="UTF-8"?>
<!-- Generated by org.testng.reporters.JUnitXMLReporter -->
<testsuite hostname="Ajay3147361" ignored="2" name="Test" tests="1" failures="0" timestamp="06 May 2021 09:53:39 GMT" time="56.978" errors="0">
  <testcase name="averifyContextSwitchingBack" time="54.579" classname="com.mts.tests.WebViewSwitchingTest"/>
  <testcase name="dependsverifyContextSwitchingBack" time="0.0" classname="com.mts.tests.WebViewSwitchingTest">
    <ignored/>
  </testcase> <!-- dependsverifyContextSwitchingBack -->
  <testcase name="verifyContextSwitching" time="0.0" classname="com.mts.tests.WebViewSwitchingTest">
    <ignored/>
  </testcase> <!-- verifyContextSwitching -->
</testsuite> <!-- Test -->
