<?xml version="1.0" encoding="UTF-8"?>
<!-- Generated by org.testng.reporters.JUnitXMLReporter -->
<testsuite hostname="Ajay3147361" ignored="0" name="Test" tests="3" failures="0" timestamp="05 May 2021 08:03:44 GMT" time="35.725" errors="0">
  <testcase name="sampleTest1" time="7.997" classname="com.mts.tests.GeneralStoreTest"/>
  <testcase name="verifyFormFilUp" time="14.9" classname="com.mts.tests.GeneralStoreTest"/>
  <testcase name="verifyIncompleteFormFillup" time="7.745" classname="com.mts.tests.GeneralStoreTest"/>
</testsuite> <!-- Test -->
