<?xml version="1.0" encoding="UTF-8"?>
<!-- Generated by org.testng.reporters.JUnitXMLReporter -->
<testsuite hostname="Ajay3147361" ignored="1" name="Default test" tests="1" failures="0" timestamp="05 May 2021 11:43:00 GMT" time="14.172" errors="0">
  <testcase name="verifyProductPageAddToCart" time="12.252" classname="com.mts.tests.ProductPageTest"/>
  <testcase name="verifyProductPage" time="0.0" classname="com.mts.tests.ProductPageTest">
    <ignored/>
  </testcase> <!-- verifyProductPage -->
</testsuite> <!-- Default test -->
