<?xml version="1.0" encoding="UTF-8"?>
<!-- Generated by org.testng.reporters.JUnitXMLReporter -->
<testsuite hostname="Ajay3147361" ignored="16" tests="0" failures="0" timestamp="06 May 2021 09:54:18 GMT" time="0.004" errors="0">
  <testcase name="verifyFormFilUp" time="0.0" classname="com.mts.tests.GeneralStoreTest">
    <ignored/>
  </testcase> <!-- verifyFormFilUp -->
  <testcase name="@BeforeSuite init" time="0.0" classname="com.mts.utils.BaseTest">
    <ignored/>
  </testcase> <!-- @BeforeSuite init -->
  <testcase name="@BeforeSuite init" time="0.0" classname="com.mts.utils.BaseTest">
    <ignored/>
  </testcase> <!-- @BeforeSuite init -->
  <testcase name="@BeforeSuite init" time="0.0" classname="com.mts.utils.BaseTest">
    <ignored/>
  </testcase> <!-- @BeforeSuite init -->
  <testcase name="dependsverifyContextSwitchingBack" time="0.0" classname="com.mts.tests.WebViewSwitchingTest">
    <ignored/>
  </testcase> <!-- dependsverifyContextSwitchingBack -->
  <testcase name="@AfterSuite afterSuite" time="0.0" classname="com.mts.utils.BaseTest">
    <ignored/>
  </testcase> <!-- @AfterSuite afterSuite -->
  <testcase name="@AfterSuite afterSuite" time="0.0" classname="com.mts.utils.BaseTest">
    <ignored/>
  </testcase> <!-- @AfterSuite afterSuite -->
  <testcase name="@AfterSuite afterSuite" time="0.0" classname="com.mts.utils.BaseTest">
    <ignored/>
  </testcase> <!-- @AfterSuite afterSuite -->
  <testcase name="verifyCartSum" time="0.0" classname="com.mts.tests.CartPageTest">
    <ignored/>
  </testcase> <!-- verifyCartSum -->
  <testcase name="sampleTest1" time="0.0" classname="com.mts.tests.GeneralStoreTest">
    <ignored/>
  </testcase> <!-- sampleTest1 -->
  <testcase name="verifyProductPageAddToCart" time="0.0" classname="com.mts.tests.ProductPageTest">
    <ignored/>
  </testcase> <!-- verifyProductPageAddToCart -->
  <testcase name="verifyContextSwitching" time="0.0" classname="com.mts.tests.WebViewSwitchingTest">
    <ignored/>
  </testcase> <!-- verifyContextSwitching -->
  <testcase name="verifyTermsAndConditions" time="0.0" classname="com.mts.tests.CartPageTest">
    <ignored/>
  </testcase> <!-- verifyTermsAndConditions -->
  <testcase name="verifyProductPage" time="0.0" classname="com.mts.tests.ProductPageTest">
    <ignored/>
  </testcase> <!-- verifyProductPage -->
  <testcase name="averifyContextSwitchingBack" time="0.0" classname="com.mts.tests.WebViewSwitchingTest">
    <ignored/>
  </testcase> <!-- averifyContextSwitchingBack -->
  <testcase name="verifyIncompleteFormFillup" time="0.0" classname="com.mts.tests.GeneralStoreTest">
    <ignored/>
  </testcase> <!-- verifyIncompleteFormFillup -->
</testsuite>
