<?xml version="1.0" encoding="UTF-8"?>
<testng-results skipped="0" failed="0" ignored="16" total="16" passed="0">
  <reporter-output>
  </reporter-output>
  <suite name="GeneralStoreDemoSuite" duration-ms="4" started-at="2021-05-06T09:54:18Z" finished-at="2021-05-06T09:54:18Z">
    <groups>
    </groups>
    <test name="SanitySmokeTesting" duration-ms="4" started-at="2021-05-06T09:54:18Z" finished-at="2021-05-06T09:54:18Z">
      <class name="com.mts.tests.GeneralStoreTest">
        <test-method status="PASS" signature="init()[pri:0, instance:com.mts.tests.GeneralStoreTest@5700d6b1]" name="init" is-config="true" duration-ms="8994" started-at="2021-05-06T09:54:09Z" finished-at="2021-05-06T09:54:18Z">
          <reporter-output>
          </reporter-output>
        </test-method> <!-- init -->
        <test-method status="PASS" signature="afterSuite()[pri:0, instance:com.mts.tests.GeneralStoreTest@5700d6b1]" name="afterSuite" is-config="true" duration-ms="416" started-at="2021-05-06T09:54:18Z" finished-at="2021-05-06T09:54:19Z">
          <reporter-output>
          </reporter-output>
        </test-method> <!-- afterSuite -->
      </class> <!-- com.mts.tests.GeneralStoreTest -->
    </test> <!-- SanitySmokeTesting -->
  </suite> <!-- GeneralStoreDemoSuite -->
</testng-results>
