<?xml version="1.0" encoding="UTF-8"?>
<testsuite xmlns:xsi="http://www.w3.org/2001/XMLSchema-instance" xsi:noNamespaceSchemaLocation="https://maven.apache.org/surefire/maven-surefire-plugin/xsd/surefire-test-report-3.0.xsd" version="3.0" name="TestSuite" time="90.104" tests="8" errors="0" skipped="0" failures="1">
  <properties>
[...]
</properties>
  <testcase name="verifyCartSum" classname="com.mts.tests.CartPageTest" time="16.419">
    <system-out><![CDATA[Inside Before Suite method :BaseTest
Inside Before Class method of : CartPageTest
Inside Before method: CartPageTest
Form is filled successfully
280.97 sum of products
280.97 Total value of products
]]></system-out>
    <system-err><![CDATA[May 05, 2021 4:13:52 PM io.appium.java_client.remote.AppiumCommandExecutor$1 lambda$0
INFO: Detected dialect: W3C
]]></system-err>
  </testcase>
  <testcase name="verifyTermsAndConditions" classname="com.mts.tests.CartPageTest" time="21.266">
    <system-out><![CDATA[Inside After method: CartPageTest
Inside Before method: CartPageTest
Form is filled successfully
280.97 sum of products
280.97 Total value of products
]]></system-out>
  </testcase>
  <testcase name="dummyTest1" classname="com.mts.tests.DummyTest" time="0.001">
    <system-out><![CDATA[Inside After method: CartPageTest
dummyTest1
]]></system-out>
  </testcase>
  <testcase name="dummyTest2" classname="com.mts.tests.DummyTest" time="0.001">
    <system-out><![CDATA[dummyTest2
]]></system-out>
  </testcase>
  <testcase name="sampleTest1[Ajay, Male, Australia](1)" classname="com.mts.tests.GeneralStoreTest" time="11.68">
    <system-out><![CDATA[Inside Before Class method of : GeneralStoreTest
Inside Before method: GeneralStoreTest
]]></system-out>
  </testcase>
  <testcase name="sampleTest1[Anu, Female, Algeria](2)" classname="com.mts.tests.GeneralStoreTest" time="8.086">
    <system-out><![CDATA[Inside After method: GeneralStoreTest
Inside Before method: GeneralStoreTest
]]></system-out>
  </testcase>
  <testcase name="verifyProductPageAddToCart" classname="com.mts.tests.ProductPageTest" time="13.016">
    <system-out><![CDATA[Inside After method: GeneralStoreTest
Inside Before Class method of : ProductPageTest
Inside Before method: ProductPageTest
Form is filled successfully
]]></system-out>
  </testcase>
  <testcase name="verifyContextSwitching" classname="com.mts.tests.WebViewSwitchingTest" time="15.098">
    <failure message="&#10;Parameter &apos;name&apos; is required by @Test on method verifyContextSwitching but has not been marked @Optional or defined&#10;" type="org.testng.TestNGException"><![CDATA[org.testng.TestNGException: 

Parameter 'name' is required by @Test on method verifyContextSwitching but has not been marked @Optional or defined

]]></failure>
    <system-out><![CDATA[Inside After method: ProductPageTest
Inside Before Class method of : WebViewSwitchingTest
]]></system-out>
    <system-err><![CDATA[[Utils] [ERROR] [Error] org.testng.TestNGException: 
Parameter &apos;name&apos; is required by @Test on method verifyContextSwitching but has not been marked @Optional or defined

	at org.testng.internal.Parameters.createParams(Parameters.java:290)
	at org.testng.internal.Parameters.createParametersForMethod(Parameters.java:359)
	at org.testng.internal.Parameters.createParameters(Parameters.java:620)
	at org.testng.internal.Parameters.handleParameters(Parameters.java:769)
	at org.testng.internal.ParameterHandler.handleParameters(ParameterHandler.java:49)
	at org.testng.internal.ParameterHandler.createParameters(ParameterHandler.java:37)
	at org.testng.internal.Invoker.invokeTestMethods(Invoker.java:924)
	at org.testng.internal.TestMethodWorker.invokeTestMethods(TestMethodWorker.java:125)
	at org.testng.internal.TestMethodWorker.run(TestMethodWorker.java:109)
	at org.testng.TestRunner.privateRun(TestRunner.java:648)
	at org.testng.TestRunner.run(TestRunner.java:505)
	at org.testng.SuiteRunner.runTest(SuiteRunner.java:455)
	at org.testng.SuiteRunner.runSequentially(SuiteRunner.java:450)
	at org.testng.SuiteRunner.privateRun(SuiteRunner.java:415)
	at org.testng.SuiteRunner.run(SuiteRunner.java:364)
	at org.testng.SuiteRunnerWorker.runSuite(SuiteRunnerWorker.java:52)
	at org.testng.SuiteRunnerWorker.run(SuiteRunnerWorker.java:84)
	at org.testng.TestNG.runSuitesSequentially(TestNG.java:1208)
	at org.testng.TestNG.runSuitesLocally(TestNG.java:1137)
	at org.testng.TestNG.runSuites(TestNG.java:1049)
	at org.testng.TestNG.run(TestNG.java:1017)
	at org.apache.maven.surefire.testng.TestNGExecutor.run(TestNGExecutor.java:136)
	at org.apache.maven.surefire.testng.TestNGDirectoryTestSuite.executeMulti(TestNGDirectoryTestSuite.java:193)
	at org.apache.maven.surefire.testng.TestNGDirectoryTestSuite.execute(TestNGDirectoryTestSuite.java:94)
	at org.apache.maven.surefire.testng.TestNGProvider.invoke(TestNGProvider.java:145)
	at org.apache.maven.surefire.booter.ForkedBooter.runSuitesInProcess(ForkedBooter.java:428)
	at org.apache.maven.surefire.booter.ForkedBooter.execute(ForkedBooter.java:162)
	at org.apache.maven.surefire.booter.ForkedBooter.run(ForkedBooter.java:562)
	at org.apache.maven.surefire.booter.ForkedBooter.main(ForkedBooter.java:548)

]]></system-err>
  </testcase>
</testsuite>