<?xml version="1.0" encoding="UTF-8"?>
<!-- Generated by org.testng.reporters.JUnitXMLReporter -->
<testsuite hostname="Ajay3147361" ignored="8" name="General Store Mobile Module Regression Test" tests="7" failures="0" timestamp="05 May 2021 07:47:19 GMT" time="146.859" errors="0">
  <testcase name="verifyCartSum" time="16.389" classname="com.mts.tests.CartPageTestCases"/>
  <testcase name="verifyTermsAndConditions" time="20.688" classname="com.mts.tests.CartPageTestCases"/>
  <testcase name="sampleTest1" time="8.273" classname="com.mts.tests.GeneralStoreTestCases"/>
  <testcase name="verifyFormFilUp" time="15.431" classname="com.mts.tests.GeneralStoreTestCases"/>
  <testcase name="verifyIncompleteFormFillup" time="8.036" classname="com.mts.tests.GeneralStoreTestCases"/>
  <testcase name="verifyProductPageAddToCart" time="11.908" classname="com.mts.tests.ProductPageTestCases"/>
  <testcase name="verifyContextSwitching" time="51.394" classname="com.mts.tests.WebViewSwitchingTestCases"/>
  <testcase name="@BeforeSuite init" time="0.0" classname="com.mts.tests.BaseTest">
    <ignored/>
  </testcase> <!-- @BeforeSuite init -->
  <testcase name="@BeforeSuite init" time="0.0" classname="com.mts.tests.BaseTest">
    <ignored/>
  </testcase> <!-- @BeforeSuite init -->
  <testcase name="@BeforeSuite init" time="0.0" classname="com.mts.tests.BaseTest">
    <ignored/>
  </testcase> <!-- @BeforeSuite init -->
  <testcase name="@BeforeSuite init" time="0.0" classname="com.mts.tests.BaseTest">
    <ignored/>
  </testcase> <!-- @BeforeSuite init -->
  <testcase name="@AfterSuite afterSuite" time="0.0" classname="com.mts.tests.BaseTest">
    <ignored/>
  </testcase> <!-- @AfterSuite afterSuite -->
  <testcase name="@AfterSuite afterSuite" time="0.0" classname="com.mts.tests.BaseTest">
    <ignored/>
  </testcase> <!-- @AfterSuite afterSuite -->
  <testcase name="@AfterSuite afterSuite" time="0.0" classname="com.mts.tests.BaseTest">
    <ignored/>
  </testcase> <!-- @AfterSuite afterSuite -->
  <testcase name="@AfterSuite afterSuite" time="0.0" classname="com.mts.tests.BaseTest">
    <ignored/>
  </testcase> <!-- @AfterSuite afterSuite -->
</testsuite> <!-- General Store Mobile Module Regression Test -->
