<?xml version="1.0" encoding="UTF-8"?>
<testng-results skipped="0" failed="0" ignored="2" total="3" passed="1">
  <reporter-output>
  </reporter-output>
  <suite name="GeneralStoreDemoSuite" duration-ms="56978" started-at="2021-05-06T09:52:42Z" finished-at="2021-05-06T09:53:39Z">
    <groups>
      <group name="smoke">
        <method signature="WebViewSwitchingTest.averifyContextSwitchingBack()[pri:0, instance:com.mts.tests.WebViewSwitchingTest@2b2948e2]" name="averifyContextSwitchingBack" class="com.mts.tests.WebViewSwitchingTest"/>
      </group> <!-- smoke -->
    </groups>
    <test name="Test" duration-ms="56978" started-at="2021-05-06T09:52:42Z" finished-at="2021-05-06T09:53:39Z">
      <class name="com.mts.tests.WebViewSwitchingTest">
        <test-method status="PASS" signature="init()[pri:0, instance:com.mts.tests.WebViewSwitchingTest@2b2948e2]" name="init" is-config="true" duration-ms="12444" started-at="2021-05-06T09:52:29Z" finished-at="2021-05-06T09:52:42Z">
          <reporter-output>
          </reporter-output>
        </test-method> <!-- init -->
        <test-method status="PASS" signature="beforeClassMethod()[pri:0, instance:com.mts.tests.WebViewSwitchingTest@2b2948e2]" name="beforeClassMethod" is-config="true" duration-ms="186" started-at="2021-05-06T09:52:42Z" finished-at="2021-05-06T09:52:42Z">
          <reporter-output>
          </reporter-output>
        </test-method> <!-- beforeClassMethod -->
        <test-method status="PASS" signature="beforeMethod()[pri:0, instance:com.mts.tests.WebViewSwitchingTest@2b2948e2]" name="beforeMethod" is-config="true" duration-ms="1" started-at="2021-05-06T09:52:42Z" finished-at="2021-05-06T09:52:42Z">
          <reporter-output>
          </reporter-output>
        </test-method> <!-- beforeMethod -->
        <test-method status="PASS" signature="averifyContextSwitchingBack()[pri:0, instance:com.mts.tests.WebViewSwitchingTest@2b2948e2]" name="averifyContextSwitchingBack" duration-ms="54579" started-at="2021-05-06T09:52:42Z" finished-at="2021-05-06T09:53:37Z">
          <reporter-output>
          </reporter-output>
        </test-method> <!-- averifyContextSwitchingBack -->
        <test-method status="PASS" signature="afterMethod()[pri:0, instance:com.mts.tests.WebViewSwitchingTest@2b2948e2]" name="afterMethod" is-config="true" duration-ms="2186" started-at="2021-05-06T09:53:37Z" finished-at="2021-05-06T09:53:39Z">
          <reporter-output>
          </reporter-output>
        </test-method> <!-- afterMethod -->
        <test-method status="PASS" signature="afterSuite()[pri:0, instance:com.mts.tests.WebViewSwitchingTest@2b2948e2]" name="afterSuite" is-config="true" duration-ms="489" started-at="2021-05-06T09:53:39Z" finished-at="2021-05-06T09:53:39Z">
          <reporter-output>
          </reporter-output>
        </test-method> <!-- afterSuite -->
      </class> <!-- com.mts.tests.WebViewSwitchingTest -->
    </test> <!-- Test -->
  </suite> <!-- GeneralStoreDemoSuite -->
</testng-results>
